    is_done = await self._execute_step(current_step, max_steps, step_info, on_step_start, on_step_end)
  File "C:\Users\dilip\AppData\Local\Programs\Python\Python313\Lib\site-packages\browser_use\agent\service.py", line 2382, in _execute_step
    await asyncio.wait_for(
  File "C:\Users\dilip\AppData\Local\Programs\Python\Python313\Lib\asyncio\tasks.py", line 507, in wait_for
    return await fut
  File "C:\Users\dilip\AppData\Local\Programs\Python\Python313\Lib\site-packages\browser_use\observability.py", line 73, in async_wrapper
    return await func(*args, **kwargs)
  File "C:\Users\dilip\AppData\Local\Programs\Python\Python313\Lib\site-packages\browser_use\utils.py", line 384, in wrapper
    result = await func(*args, **kwargs)
  File "C:\Users\dilip\AppData\Local\Programs\Python\Python313\Lib\site-packages\browser_use\agent\service.py", line 1030, in step
    await self._execute_actions()
  File "C:\Users\dilip\AppData\Local\Programs\Python\Python313\Lib\site-packages\browser_use\agent\service.py", line 1171, in _execute_actions
    result = await self.multi_act(self.state.last_model_output.action)
  File "C:\Users\dilip\AppData\Local\Programs\Python\Python313\Lib\site-packages\browser_use\observability.py", line 73, in async_wrapper
    return await func(*args, **kwargs)
  File "C:\Users\dilip\AppData\Local\Programs\Python\Python313\Lib\site-packages\browser_use\utils.py", line 384, in wrapper
    result = await func(*args, **kwargs)
  File "C:\Users\dilip\AppData\Local\Programs\Python\Python313\Lib\site-packages\browser_use\agent\service.py", line 2681, in multi_act
    await self._log_action(action, action_name, i + 1, total_actions)
  File "C:\Users\dilip\AppData\Local\Programs\Python\Python313\Lib\site-packages\browser_use\agent\service.py", line 2791, in _log_action
    self.logger.info(f'  {action_header} {params_string}')
Message: '  \u25b6\ufe0f  [5/5] \x1b[34mclick\x1b[0m: \x1b[35mindex\x1b[0m: 13909'
Arguments: ()
--- Logging error ---
Traceback (most recent call last):
  File "C:\Users\dilip\AppData\Local\Programs\Python\Python313\Lib\logging\__init__.py", line 1153, in emit
    stream.write(msg + self.terminator)
    ~~~~~~~~~~~~^^^^^^^^^^^^^^^^^^^^^^^
  File "C:\Users\dilip\AppData\Local\Programs\Python\Python313\Lib\encodings\cp1252.py", line 19, in encode
    return codecs.charmap_encode(input,self.errors,encoding_table)[0]
           ~~~~~~~~~~~~~~~~~~~~~^^^^^^^^^^^^^^^^^^^^^^^^^^^^^^^^^^
UnicodeEncodeError: 'charmap' codec can't encode characters in position 17-18: character maps to <undefined>
Call stack:
  File "C:\Users\dilip\job_marathon\job_application_automation.py", line 1483, in <module>
    asyncio.run(main())
  File "C:\Users\dilip\AppData\Local\Programs\Python\Python313\Lib\asyncio\runners.py", line 194, in run
    return runner.run(main)
  File "C:\Users\dilip\AppData\Local\Programs\Python\Python313\Lib\asyncio\runners.py", line 118, in run
    return self._loop.run_until_complete(task)
  File "C:\Users\dilip\AppData\Local\Programs\Python\Python313\Lib\asyncio\base_events.py", line 708, in run_until_complete
    self.run_forever()
  File "C:\Users\dilip\AppData\Local\Programs\Python\Python313\Lib\asyncio\base_events.py", line 679, in run_forever
    self._run_once()
  File "C:\Users\dilip\AppData\Local\Programs\Python\Python313\Lib\asyncio\base_events.py", line 2027, in _run_once
    handle._run()
  File "C:\Users\dilip\AppData\Local\Programs\Python\Python313\Lib\asyncio\events.py", line 89, in _run
    self._context.run(self._callback, *self._args)
  File "C:\Users\dilip\job_marathon\job_application_automation.py", line 1447, in main
    await automate_job_application(JOB_URL, skip_generation=args.skip_generation)
  File "C:\Users\dilip\job_marathon\job_application_automation.py", line 1231, in automate_job_application
    form_result = await fill_application_form(job_url, user_profile, resume_path, cover_letter_path)
  File "C:\Users\dilip\job_marathon\job_application_automation.py", line 1053, in fill_application_form
    result = await agent.run()
  File "C:\Users\dilip\AppData\Local\Programs\Python\Python313\Lib\site-packages\browser_use\observability.py", line 73, in async_wrapper
    return await func(*args, **kwargs)
  File "C:\Users\dilip\AppData\Local\Programs\Python\Python313\Lib\site-packages\browser_use\utils.py", line 384, in wrapper
    result = await func(*args, **kwargs)
  File "C:\Users\dilip\AppData\Local\Programs\Python\Python313\Lib\site-packages\browser_use\agent\service.py", line 2526, in run
    is_done = await self._execute_step(current_step, max_steps, step_info, on_step_start, on_step_end)
  File "C:\Users\dilip\AppData\Local\Programs\Python\Python313\Lib\site-packages\browser_use\agent\service.py", line 2382, in _execute_step
    await asyncio.wait_for(
  File "C:\Users\dilip\AppData\Local\Programs\Python\Python313\Lib\asyncio\tasks.py", line 507, in wait_for
    return await fut
  File "C:\Users\dilip\AppData\Local\Programs\Python\Python313\Lib\site-packages\browser_use\observability.py", line 73, in async_wrapper
    return await func(*args, **kwargs)
  File "C:\Users\dilip\AppData\Local\Programs\Python\Python313\Lib\site-packages\browser_use\utils.py", line 384, in wrapper
    result = await func(*args, **kwargs)
  File "C:\Users\dilip\AppData\Local\Programs\Python\Python313\Lib\site-packages\browser_use\agent\service.py", line 1030, in step
    await self._execute_actions()
  File "C:\Users\dilip\AppData\Local\Programs\Python\Python313\Lib\site-packages\browser_use\agent\service.py", line 1171, in _execute_actions
    result = await self.multi_act(self.state.last_model_output.action)
  File "C:\Users\dilip\AppData\Local\Programs\Python\Python313\Lib\site-packages\browser_use\observability.py", line 73, in async_wrapper
    return await func(*args, **kwargs)
  File "C:\Users\dilip\AppData\Local\Programs\Python\Python313\Lib\site-packages\browser_use\utils.py", line 384, in wrapper
    result = await func(*args, **kwargs)
  File "C:\Users\dilip\AppData\Local\Programs\Python\Python313\Lib\site-packages\browser_use\agent\service.py", line 2689, in multi_act
    result = await self.tools.act(
  File "C:\Users\dilip\AppData\Local\Programs\Python\Python313\Lib\site-packages\browser_use\tools\service.py", line 2199, in act
    result = await self.registry.execute_action(
  File "C:\Users\dilip\AppData\Local\Programs\Python\Python313\Lib\site-packages\browser_use\observability.py", line 73, in async_wrapper
    return await func(*args, **kwargs)
  File "C:\Users\dilip\AppData\Local\Programs\Python\Python313\Lib\site-packages\browser_use\utils.py", line 384, in wrapper
    result = await func(*args, **kwargs)
  File "C:\Users\dilip\AppData\Local\Programs\Python\Python313\Lib\site-packages\browser_use\tools\registry\service.py", line 394, in execute_action
    return await action.function(params=validated_params, **special_context)
  File "C:\Users\dilip\AppData\Local\Programs\Python\Python313\Lib\site-packages\browser_use\tools\registry\service.py", line 255, in normalized_wrapper
    return await func(*call_args)
  File "C:\Users\dilip\AppData\Local\Programs\Python\Python313\Lib\site-packages\browser_use\tools\service.py", line 2140, in click
    return await self._click_by_index(params, browser_session)
  File "C:\Users\dilip\AppData\Local\Programs\Python\Python313\Lib\site-packages\browser_use\tools\service.py", line 615, in _click_by_index
    logger.info(f'\U0001f5b1\ufe0f {memory}')
Message: '\U0001f5b1\ufe0f Clicked button "Create Account"'
Arguments: ()
--- Logging error ---
Traceback (most recent call last):
  File "C:\Users\dilip\AppData\Local\Programs\Python\Python313\Lib\logging\__init__.py", line 1153, in emit
    stream.write(msg + self.terminator)
    ~~~~~~~~~~~~^^^^^^^^^^^^^^^^^^^^^^^
  File "C:\Users\dilip\AppData\Local\Programs\Python\Python313\Lib\encodings\cp1252.py", line 19, in encode
    return codecs.charmap_encode(input,self.errors,encoding_table)[0]
           ~~~~~~~~~~~~~~~~~~~~~^^^^^^^^^^^^^^^^^^^^^^^^^^^^^^^^^^
UnicodeEncodeError: 'charmap' codec can't encode character '\U0001f4cb' in position 17: character maps to <undefined>
Call stack:
  File "C:\Users\dilip\job_marathon\job_application_automation.py", line 1483, in <module>
    asyncio.run(main())
  File "C:\Users\dilip\AppData\Local\Programs\Python\Python313\Lib\asyncio\runners.py", line 194, in run
    return runner.run(main)
  File "C:\Users\dilip\AppData\Local\Programs\Python\Python313\Lib\asyncio\runners.py", line 118, in run
    return self._loop.run_until_complete(task)
  File "C:\Users\dilip\AppData\Local\Programs\Python\Python313\Lib\asyncio\base_events.py", line 708, in run_until_complete
    self.run_forever()
  File "C:\Users\dilip\AppData\Local\Programs\Python\Python313\Lib\asyncio\base_events.py", line 679, in run_forever
    self._run_once()
  File "C:\Users\dilip\AppData\Local\Programs\Python\Python313\Lib\asyncio\base_events.py", line 2027, in _run_once
    handle._run()
  File "C:\Users\dilip\AppData\Local\Programs\Python\Python313\Lib\asyncio\events.py", line 89, in _run
    self._context.run(self._callback, *self._args)
  File "C:\Users\dilip\job_marathon\job_application_automation.py", line 1447, in main
    await automate_job_application(JOB_URL, skip_generation=args.skip_generation)
  File "C:\Users\dilip\job_marathon\job_application_automation.py", line 1231, in automate_job_application
    form_result = await fill_application_form(job_url, user_profile, resume_path, cover_letter_path)
  File "C:\Users\dilip\job_marathon\job_application_automation.py", line 1053, in fill_application_form
    result = await agent.run()
  File "C:\Users\dilip\AppData\Local\Programs\Python\Python313\Lib\site-packages\browser_use\observability.py", line 73, in async_wrapper
    return await func(*args, **kwargs)
  File "C:\Users\dilip\AppData\Local\Programs\Python\Python313\Lib\site-packages\browser_use\utils.py", line 384, in wrapper
    result = await func(*args, **kwargs)
  File "C:\Users\dilip\AppData\Local\Programs\Python\Python313\Lib\site-packages\browser_use\agent\service.py", line 2526, in run
    is_done = await self._execute_step(current_step, max_steps, step_info, on_step_start, on_step_end)
  File "C:\Users\dilip\AppData\Local\Programs\Python\Python313\Lib\site-packages\browser_use\agent\service.py", line 2382, in _execute_step
    await asyncio.wait_for(
  File "C:\Users\dilip\AppData\Local\Programs\Python\Python313\Lib\asyncio\tasks.py", line 507, in wait_for
    return await fut
  File "C:\Users\dilip\AppData\Local\Programs\Python\Python313\Lib\site-packages\browser_use\observability.py", line 73, in async_wrapper
    return await func(*args, **kwargs)
  File "C:\Users\dilip\AppData\Local\Programs\Python\Python313\Lib\site-packages\browser_use\utils.py", line 384, in wrapper
    result = await func(*args, **kwargs)
  File "C:\Users\dilip\AppData\Local\Programs\Python\Python313\Lib\site-packages\browser_use\agent\service.py", line 1033, in step
    await self._post_process()
  File "C:\Users\dilip\AppData\Local\Programs\Python\Python313\Lib\site-packages\browser_use\agent\service.py", line 1183, in _post_process
    self._update_plan_from_model_output(self.state.last_model_output)
  File "C:\Users\dilip\AppData\Local\Programs\Python\Python313\Lib\site-packages\browser_use\agent\service.py", line 1317, in _update_plan_from_model_output
    self.logger.info(
Message: '\U0001f4cb Plan updated with 7 steps'
Arguments: ()
INFO     [Agent] 

--- Logging error ---
Traceback (most recent call last):
  File "C:\Users\dilip\AppData\Local\Programs\Python\Python313\Lib\logging\__init__.py", line 1153, in emit
    stream.write(msg + self.terminator)
    ~~~~~~~~~~~~^^^^^^^^^^^^^^^^^^^^^^^
  File "C:\Users\dilip\AppData\Local\Programs\Python\Python313\Lib\encodings\cp1252.py", line 19, in encode
    return codecs.charmap_encode(input,self.errors,encoding_table)[0]
           ~~~~~~~~~~~~~~~~~~~~~^^^^^^^^^^^^^^^^^^^^^^^^^^^^^^^^^^
UnicodeEncodeError: 'charmap' codec can't encode character '\U0001f4cd' in position 17: character maps to <undefined>
Call stack:
  File "C:\Users\dilip\job_marathon\job_application_automation.py", line 1483, in <module>
    asyncio.run(main())
  File "C:\Users\dilip\AppData\Local\Programs\Python\Python313\Lib\asyncio\runners.py", line 194, in run
    return runner.run(main)
  File "C:\Users\dilip\AppData\Local\Programs\Python\Python313\Lib\asyncio\runners.py", line 118, in run
    return self._loop.run_until_complete(task)
  File "C:\Users\dilip\AppData\Local\Programs\Python\Python313\Lib\asyncio\base_events.py", line 708, in run_until_complete
    self.run_forever()
  File "C:\Users\dilip\AppData\Local\Programs\Python\Python313\Lib\asyncio\base_events.py", line 679, in run_forever
    self._run_once()
  File "C:\Users\dilip\AppData\Local\Programs\Python\Python313\Lib\asyncio\base_events.py", line 2027, in _run_once
    handle._run()
  File "C:\Users\dilip\AppData\Local\Programs\Python\Python313\Lib\asyncio\events.py", line 89, in _run
    self._context.run(self._callback, *self._args)
  File "C:\Users\dilip\job_marathon\job_application_automation.py", line 1447, in main
    await automate_job_application(JOB_URL, skip_generation=args.skip_generation)
  File "C:\Users\dilip\job_marathon\job_application_automation.py", line 1231, in automate_job_application
    form_result = await fill_application_form(job_url, user_profile, resume_path, cover_letter_path)
  File "C:\Users\dilip\job_marathon\job_application_automation.py", line 1053, in fill_application_form
    result = await agent.run()
  File "C:\Users\dilip\AppData\Local\Programs\Python\Python313\Lib\site-packages\browser_use\observability.py", line 73, in async_wrapper
    return await func(*args, **kwargs)
  File "C:\Users\dilip\AppData\Local\Programs\Python\Python313\Lib\site-packages\browser_use\utils.py", line 384, in wrapper
    result = await func(*args, **kwargs)
  File "C:\Users\dilip\AppData\Local\Programs\Python\Python313\Lib\site-packages\browser_use\agent\service.py", line 2526, in run
    is_done = await self._execute_step(current_step, max_steps, step_info, on_step_start, on_step_end)
  File "C:\Users\dilip\AppData\Local\Programs\Python\Python313\Lib\site-packages\browser_use\agent\service.py", line 2382, in _execute_step
    await asyncio.wait_for(
  File "C:\Users\dilip\AppData\Local\Programs\Python\Python313\Lib\asyncio\tasks.py", line 507, in wait_for
    return await fut
  File "C:\Users\dilip\AppData\Local\Programs\Python\Python313\Lib\site-packages\browser_use\observability.py", line 73, in async_wrapper
    return await func(*args, **kwargs)
  File "C:\Users\dilip\AppData\Local\Programs\Python\Python313\Lib\site-packages\browser_use\utils.py", line 384, in wrapper
    result = await func(*args, **kwargs)
  File "C:\Users\dilip\AppData\Local\Programs\Python\Python313\Lib\site-packages\browser_use\agent\service.py", line 1026, in step
    browser_state_summary = await self._prepare_context(step_info)
  File "C:\Users\dilip\AppData\Local\Programs\Python\Python313\Lib\site-packages\browser_use\agent\service.py", line 1063, in _prepare_context
    self._log_step_context(browser_state_summary)
  File "C:\Users\dilip\AppData\Local\Programs\Python\Python313\Lib\site-packages\browser_use\agent\service.py", line 1985, in _log_step_context
    self.logger.info(f'\U0001f4cd Step {self.state.n_steps}:')
Message: '\U0001f4cd Step 31:'
Arguments: ()

